<?xml version="1.0" encoding="UTF-8"?>
<testng-results ignored="0" total="1" passed="1" failed="0" skipped="0">
  <reporter-output>
  </reporter-output>
  <suite started-at="2023-11-02T00:23:40 IST" name="Default suite" finished-at="2023-11-02T00:23:41 IST" duration-ms="1375">
    <groups>
    </groups>
    <test started-at="2023-11-02T00:23:40 IST" name="Default test" finished-at="2023-11-02T00:23:41 IST" duration-ms="1375">
      <class name="SumValidation">
        <test-method signature="VerifySumofAllProducts()[pri:0, instance:SumValidation@121314f7]" started-at="2023-11-02T00:23:40 IST" name="VerifySumofAllProducts" finished-at="2023-11-02T00:23:41 IST" duration-ms="1334" status="PASS">
          <reporter-output>
          </reporter-output>
        </test-method> <!-- VerifySumofAllProducts -->
      </class> <!-- SumValidation -->
    </test> <!-- Default test -->
  </suite> <!-- Default suite -->
</testng-results>
